<?xml version="1.0" encoding="UTF-8"?>
<!-- Generated by org.testng.reporters.JUnitXMLReporter -->
<testsuite ignored="0" hostname="ZA-5CD350K5XF" failures="0" tests="4" name="All-Tests" time="4.012" errors="0" timestamp="2024-10-08T09:45:51 SAST">
  <testcase classname="com.resreq.tests.DeleteRequest" name="postRequest" time="2.066"/>
  <testcase classname="com.resreq.tests.GetRequest" name="getRequest" time="0.123"/>
  <testcase classname="com.resreq.tests.PatchRequest" name="postRequest" time="1.189"/>
  <testcase classname="com.resreq.tests.PostRquest" name="postRequest" time="0.483"/>
</testsuite> <!-- All-Tests -->
