<?xml version="1.0" encoding="UTF-8"?>
<testng-results ignored="0" total="1" passed="1" failed="0" skipped="0">
  <reporter-output>
  </reporter-output>
  <suite started-at="2025-02-18T08:28:38 SAST" name="Default suite" finished-at="2025-02-18T08:28:40 SAST" duration-ms="1573">
    <groups>
    </groups>
    <test started-at="2025-02-18T08:28:38 SAST" name="Default test" finished-at="2025-02-18T08:28:40 SAST" duration-ms="1573">
      <class name="com.resreq.tests.GetRequest">
        <test-method is-config="true" signature="beforeMethod()[pri:0, instance:com.resreq.tests.GetRequest@6a1ebcff]" started-at="2025-02-18T08:28:38 SAST" name="beforeMethod" finished-at="2025-02-18T08:28:38 SAST" duration-ms="10" status="PASS">
          <reporter-output>
          </reporter-output>
        </test-method> <!-- beforeMethod -->
        <test-method signature="getRequest()[pri:0, instance:com.resreq.tests.GetRequest@6a1ebcff]" started-at="2025-02-18T08:28:38 SAST" name="getRequest" description="Get request test" finished-at="2025-02-18T08:28:39 SAST" duration-ms="1469" status="PASS">
          <reporter-output>
          </reporter-output>
        </test-method> <!-- getRequest -->
        <test-method is-config="true" signature="afterMethod(org.testng.ITestResult)[pri:0, instance:com.resreq.tests.GetRequest@6a1ebcff]" started-at="2025-02-18T08:28:39 SAST" name="afterMethod" finished-at="2025-02-18T08:28:39 SAST" duration-ms="3" status="PASS">
          <params>
            <param index="0">
              <value>
                <![CDATA[[TestResult name=getRequest status=SUCCESS method=GetRequest.getRequest()[pri:0, instance:com.resreq.tests.GetRequest@6a1ebcff] output={null}]]]>
              </value>
            </param>
          </params>
          <reporter-output>
          </reporter-output>
        </test-method> <!-- afterMethod -->
      </class> <!-- com.resreq.tests.GetRequest -->
    </test> <!-- Default test -->
  </suite> <!-- Default suite -->
</testng-results>
